Calling target program-options parser
[07:04:30.999] [bmv2] [D] [thread 3055] Set default default entry for table 'MyIngress.ipv4_lpm': MyIngress.drop - 
Adding interface s1-eth1 as port 1
[07:04:31.000] [bmv2] [D] [thread 3055] Adding interface s1-eth1 as port 1
Adding interface s1-eth2 as port 2
[07:04:31.098] [bmv2] [D] [thread 3055] Adding interface s1-eth2 as port 2
Server listening on 0.0.0.0:50051
[07:04:31.328] [bmv2] [I] [thread 3055] Starting Thrift server on port 9090
[07:04:31.332] [bmv2] [I] [thread 3055] Thrift server was started
[07:04:31.456] [bmv2] [D] [thread 3066] [0.0] [cxt 0] Processing packet received on port 2
[07:04:31.456] [bmv2] [D] [thread 3066] [0.0] [cxt 0] Parser 'parser': start
[07:04:31.456] [bmv2] [D] [thread 3066] [0.0] [cxt 0] Parser 'parser' entering state 'start'
[07:04:31.456] [bmv2] [D] [thread 3066] [0.0] [cxt 0] Extracting header 'ethernet'
[07:04:31.456] [bmv2] [D] [thread 3066] [0.0] [cxt 0] Parser state 'start': key is 86dd
[07:04:31.456] [bmv2] [T] [thread 3066] [0.0] [cxt 0] Bytes parsed: 14
[07:04:31.456] [bmv2] [D] [thread 3066] [0.0] [cxt 0] Parser 'parser': end
[07:04:31.456] [bmv2] [D] [thread 3066] [0.0] [cxt 0] Pipeline 'ingress': start
[07:04:31.457] [bmv2] [T] [thread 3066] [0.0] [cxt 0] scaleIoT.p4(118) Condition "hdr.ipv4.isValid()" (node_2) is false
[07:04:31.457] [bmv2] [D] [thread 3066] [0.0] [cxt 0] Pipeline 'ingress': end
[07:04:31.457] [bmv2] [D] [thread 3066] [0.0] [cxt 0] Egress port is 0
[07:04:31.457] [bmv2] [D] [thread 3067] [0.0] [cxt 0] Pipeline 'egress': start
[07:04:31.457] [bmv2] [D] [thread 3067] [0.0] [cxt 0] Pipeline 'egress': end
[07:04:31.457] [bmv2] [D] [thread 3067] [0.0] [cxt 0] Deparser 'deparser': start
[07:04:31.457] [bmv2] [T] [thread 3067] [0.0] [cxt 0] Skipping checksum 'cksum' update because condition not met
[07:04:31.457] [bmv2] [D] [thread 3067] [0.0] [cxt 0] Deparsing header 'ethernet'
[07:04:31.457] [bmv2] [D] [thread 3067] [0.0] [cxt 0] Deparser 'deparser': end
[07:04:31.457] [bmv2] [D] [thread 3071] [0.0] [cxt 0] Transmitting packet of size 86 out of port 0
[07:04:32.071] [bmv2] [D] [thread 3066] [1.0] [cxt 0] Processing packet received on port 1
[07:04:32.072] [bmv2] [D] [thread 3066] [1.0] [cxt 0] Parser 'parser': start
[07:04:32.072] [bmv2] [D] [thread 3066] [1.0] [cxt 0] Parser 'parser' entering state 'start'
[07:04:32.072] [bmv2] [D] [thread 3066] [1.0] [cxt 0] Extracting header 'ethernet'
[07:04:32.072] [bmv2] [D] [thread 3066] [1.0] [cxt 0] Parser state 'start': key is 86dd
[07:04:32.072] [bmv2] [T] [thread 3066] [1.0] [cxt 0] Bytes parsed: 14
[07:04:32.072] [bmv2] [D] [thread 3066] [1.0] [cxt 0] Parser 'parser': end
[07:04:32.072] [bmv2] [D] [thread 3066] [1.0] [cxt 0] Pipeline 'ingress': start
[07:04:32.072] [bmv2] [T] [thread 3066] [1.0] [cxt 0] scaleIoT.p4(118) Condition "hdr.ipv4.isValid()" (node_2) is false
[07:04:32.072] [bmv2] [D] [thread 3066] [1.0] [cxt 0] Pipeline 'ingress': end
[07:04:32.072] [bmv2] [D] [thread 3066] [1.0] [cxt 0] Egress port is 0
[07:04:32.072] [bmv2] [D] [thread 3066] [2.0] [cxt 0] Processing packet received on port 1
[07:04:32.072] [bmv2] [D] [thread 3066] [2.0] [cxt 0] Parser 'parser': start
[07:04:32.072] [bmv2] [D] [thread 3066] [2.0] [cxt 0] Parser 'parser' entering state 'start'
[07:04:32.072] [bmv2] [D] [thread 3066] [2.0] [cxt 0] Extracting header 'ethernet'
[07:04:32.072] [bmv2] [D] [thread 3066] [2.0] [cxt 0] Parser state 'start': key is 86dd
[07:04:32.072] [bmv2] [T] [thread 3066] [2.0] [cxt 0] Bytes parsed: 14
[07:04:32.072] [bmv2] [D] [thread 3066] [2.0] [cxt 0] Parser 'parser': end
[07:04:32.072] [bmv2] [D] [thread 3066] [2.0] [cxt 0] Pipeline 'ingress': start
[07:04:32.072] [bmv2] [T] [thread 3066] [2.0] [cxt 0] scaleIoT.p4(118) Condition "hdr.ipv4.isValid()" (node_2) is false
[07:04:32.072] [bmv2] [D] [thread 3066] [2.0] [cxt 0] Pipeline 'ingress': end
[07:04:32.072] [bmv2] [D] [thread 3066] [2.0] [cxt 0] Egress port is 0
[07:04:32.072] [bmv2] [D] [thread 3067] [1.0] [cxt 0] Pipeline 'egress': start
[07:04:32.072] [bmv2] [D] [thread 3067] [1.0] [cxt 0] Pipeline 'egress': end
[07:04:32.072] [bmv2] [D] [thread 3067] [1.0] [cxt 0] Deparser 'deparser': start
[07:04:32.072] [bmv2] [T] [thread 3067] [1.0] [cxt 0] Skipping checksum 'cksum' update because condition not met
[07:04:32.072] [bmv2] [D] [thread 3067] [1.0] [cxt 0] Deparsing header 'ethernet'
[07:04:32.072] [bmv2] [D] [thread 3067] [1.0] [cxt 0] Deparser 'deparser': end
[07:04:32.072] [bmv2] [D] [thread 3067] [2.0] [cxt 0] Pipeline 'egress': start
[07:04:32.072] [bmv2] [D] [thread 3067] [2.0] [cxt 0] Pipeline 'egress': end
[07:04:32.072] [bmv2] [D] [thread 3067] [2.0] [cxt 0] Deparser 'deparser': start
[07:04:32.072] [bmv2] [T] [thread 3067] [2.0] [cxt 0] Skipping checksum 'cksum' update because condition not met
[07:04:32.072] [bmv2] [D] [thread 3067] [2.0] [cxt 0] Deparsing header 'ethernet'
[07:04:32.072] [bmv2] [D] [thread 3067] [2.0] [cxt 0] Deparser 'deparser': end
[07:04:32.072] [bmv2] [D] [thread 3071] [1.0] [cxt 0] Transmitting packet of size 90 out of port 0
[07:04:32.072] [bmv2] [D] [thread 3071] [2.0] [cxt 0] Transmitting packet of size 70 out of port 0
[07:04:32.480] [bmv2] [D] [thread 3066] [3.0] [cxt 0] Processing packet received on port 2
[07:04:32.480] [bmv2] [D] [thread 3066] [3.0] [cxt 0] Parser 'parser': start
[07:04:32.480] [bmv2] [D] [thread 3066] [3.0] [cxt 0] Parser 'parser' entering state 'start'
[07:04:32.480] [bmv2] [D] [thread 3066] [3.0] [cxt 0] Extracting header 'ethernet'
[07:04:32.480] [bmv2] [D] [thread 3066] [3.0] [cxt 0] Parser state 'start': key is 86dd
[07:04:32.480] [bmv2] [T] [thread 3066] [3.0] [cxt 0] Bytes parsed: 14
[07:04:32.480] [bmv2] [D] [thread 3066] [3.0] [cxt 0] Parser 'parser': end
[07:04:32.480] [bmv2] [D] [thread 3066] [3.0] [cxt 0] Pipeline 'ingress': start
[07:04:32.480] [bmv2] [T] [thread 3066] [3.0] [cxt 0] scaleIoT.p4(118) Condition "hdr.ipv4.isValid()" (node_2) is false
[07:04:32.480] [bmv2] [D] [thread 3066] [3.0] [cxt 0] Pipeline 'ingress': end
[07:04:32.480] [bmv2] [D] [thread 3066] [3.0] [cxt 0] Egress port is 0
[07:04:32.480] [bmv2] [D] [thread 3066] [4.0] [cxt 0] Processing packet received on port 2
[07:04:32.480] [bmv2] [D] [thread 3066] [4.0] [cxt 0] Parser 'parser': start
[07:04:32.480] [bmv2] [D] [thread 3066] [4.0] [cxt 0] Parser 'parser' entering state 'start'
[07:04:32.480] [bmv2] [D] [thread 3066] [4.0] [cxt 0] Extracting header 'ethernet'
[07:04:32.480] [bmv2] [D] [thread 3066] [4.0] [cxt 0] Parser state 'start': key is 86dd
[07:04:32.480] [bmv2] [T] [thread 3066] [4.0] [cxt 0] Bytes parsed: 14
[07:04:32.480] [bmv2] [D] [thread 3066] [4.0] [cxt 0] Parser 'parser': end
[07:04:32.480] [bmv2] [D] [thread 3066] [4.0] [cxt 0] Pipeline 'ingress': start
[07:04:32.480] [bmv2] [T] [thread 3066] [4.0] [cxt 0] scaleIoT.p4(118) Condition "hdr.ipv4.isValid()" (node_2) is false
[07:04:32.480] [bmv2] [D] [thread 3066] [4.0] [cxt 0] Pipeline 'ingress': end
[07:04:32.480] [bmv2] [D] [thread 3066] [4.0] [cxt 0] Egress port is 0
[07:04:32.480] [bmv2] [D] [thread 3067] [3.0] [cxt 0] Pipeline 'egress': start
[07:04:32.480] [bmv2] [D] [thread 3067] [3.0] [cxt 0] Pipeline 'egress': end
[07:04:32.480] [bmv2] [D] [thread 3067] [3.0] [cxt 0] Deparser 'deparser': start
[07:04:32.480] [bmv2] [T] [thread 3067] [3.0] [cxt 0] Skipping checksum 'cksum' update because condition not met
[07:04:32.480] [bmv2] [D] [thread 3067] [3.0] [cxt 0] Deparsing header 'ethernet'
[07:04:32.480] [bmv2] [D] [thread 3067] [3.0] [cxt 0] Deparser 'deparser': end
[07:04:32.480] [bmv2] [D] [thread 3071] [3.0] [cxt 0] Transmitting packet of size 90 out of port 0
[07:04:32.480] [bmv2] [D] [thread 3067] [4.0] [cxt 0] Pipeline 'egress': start
[07:04:32.480] [bmv2] [D] [thread 3067] [4.0] [cxt 0] Pipeline 'egress': end
[07:04:32.480] [bmv2] [D] [thread 3067] [4.0] [cxt 0] Deparser 'deparser': start
[07:04:32.480] [bmv2] [T] [thread 3067] [4.0] [cxt 0] Skipping checksum 'cksum' update because condition not met
[07:04:32.480] [bmv2] [D] [thread 3067] [4.0] [cxt 0] Deparsing header 'ethernet'
[07:04:32.480] [bmv2] [D] [thread 3067] [4.0] [cxt 0] Deparser 'deparser': end
[07:04:32.480] [bmv2] [D] [thread 3071] [4.0] [cxt 0] Transmitting packet of size 70 out of port 0
[07:04:32.902] [bmv2] [D] [thread 3066] [5.0] [cxt 0] Processing packet received on port 1
[07:04:32.902] [bmv2] [D] [thread 3066] [5.0] [cxt 0] Parser 'parser': start
[07:04:32.902] [bmv2] [D] [thread 3066] [5.0] [cxt 0] Parser 'parser' entering state 'start'
[07:04:32.902] [bmv2] [D] [thread 3066] [5.0] [cxt 0] Extracting header 'ethernet'
[07:04:32.902] [bmv2] [D] [thread 3066] [5.0] [cxt 0] Parser state 'start': key is 86dd
[07:04:32.902] [bmv2] [T] [thread 3066] [5.0] [cxt 0] Bytes parsed: 14
[07:04:32.902] [bmv2] [D] [thread 3066] [5.0] [cxt 0] Parser 'parser': end
[07:04:32.902] [bmv2] [D] [thread 3066] [5.0] [cxt 0] Pipeline 'ingress': start
[07:04:32.902] [bmv2] [T] [thread 3066] [5.0] [cxt 0] scaleIoT.p4(118) Condition "hdr.ipv4.isValid()" (node_2) is false
[07:04:32.902] [bmv2] [D] [thread 3066] [5.0] [cxt 0] Pipeline 'ingress': end
[07:04:32.902] [bmv2] [D] [thread 3066] [5.0] [cxt 0] Egress port is 0
[07:04:32.902] [bmv2] [D] [thread 3067] [5.0] [cxt 0] Pipeline 'egress': start
[07:04:32.902] [bmv2] [D] [thread 3067] [5.0] [cxt 0] Pipeline 'egress': end
[07:04:32.902] [bmv2] [D] [thread 3067] [5.0] [cxt 0] Deparser 'deparser': start
[07:04:32.902] [bmv2] [T] [thread 3067] [5.0] [cxt 0] Skipping checksum 'cksum' update because condition not met
[07:04:32.902] [bmv2] [D] [thread 3067] [5.0] [cxt 0] Deparsing header 'ethernet'
[07:04:32.902] [bmv2] [D] [thread 3067] [5.0] [cxt 0] Deparser 'deparser': end
[07:04:32.902] [bmv2] [D] [thread 3071] [5.0] [cxt 0] Transmitting packet of size 90 out of port 0
[07:04:33.216] [bmv2] [D] [thread 3066] [6.0] [cxt 0] Processing packet received on port 2
[07:04:33.216] [bmv2] [D] [thread 3066] [6.0] [cxt 0] Parser 'parser': start
[07:04:33.216] [bmv2] [D] [thread 3066] [6.0] [cxt 0] Parser 'parser' entering state 'start'
[07:04:33.216] [bmv2] [D] [thread 3066] [6.0] [cxt 0] Extracting header 'ethernet'
[07:04:33.216] [bmv2] [D] [thread 3066] [6.0] [cxt 0] Parser state 'start': key is 86dd
[07:04:33.216] [bmv2] [T] [thread 3066] [6.0] [cxt 0] Bytes parsed: 14
[07:04:33.216] [bmv2] [D] [thread 3066] [6.0] [cxt 0] Parser 'parser': end
[07:04:33.216] [bmv2] [D] [thread 3066] [6.0] [cxt 0] Pipeline 'ingress': start
[07:04:33.216] [bmv2] [T] [thread 3066] [6.0] [cxt 0] scaleIoT.p4(118) Condition "hdr.ipv4.isValid()" (node_2) is false
[07:04:33.216] [bmv2] [D] [thread 3066] [6.0] [cxt 0] Pipeline 'ingress': end
[07:04:33.216] [bmv2] [D] [thread 3066] [6.0] [cxt 0] Egress port is 0
[07:04:33.216] [bmv2] [D] [thread 3067] [6.0] [cxt 0] Pipeline 'egress': start
[07:04:33.216] [bmv2] [D] [thread 3067] [6.0] [cxt 0] Pipeline 'egress': end
[07:04:33.216] [bmv2] [D] [thread 3067] [6.0] [cxt 0] Deparser 'deparser': start
[07:04:33.216] [bmv2] [T] [thread 3067] [6.0] [cxt 0] Skipping checksum 'cksum' update because condition not met
[07:04:33.216] [bmv2] [D] [thread 3067] [6.0] [cxt 0] Deparsing header 'ethernet'
[07:04:33.216] [bmv2] [D] [thread 3067] [6.0] [cxt 0] Deparser 'deparser': end
[07:04:33.216] [bmv2] [D] [thread 3071] [6.0] [cxt 0] Transmitting packet of size 90 out of port 0
[07:04:36.542] [bmv2] [D] [thread 3066] [7.0] [cxt 0] Processing packet received on port 1
[07:04:36.542] [bmv2] [D] [thread 3066] [7.0] [cxt 0] Parser 'parser': start
[07:04:36.542] [bmv2] [D] [thread 3066] [7.0] [cxt 0] Parser 'parser' entering state 'start'
[07:04:36.542] [bmv2] [D] [thread 3066] [7.0] [cxt 0] Extracting header 'ethernet'
[07:04:36.542] [bmv2] [D] [thread 3066] [7.0] [cxt 0] Parser state 'start': key is 86dd
[07:04:36.542] [bmv2] [T] [thread 3066] [7.0] [cxt 0] Bytes parsed: 14
[07:04:36.542] [bmv2] [D] [thread 3066] [7.0] [cxt 0] Parser 'parser': end
[07:04:36.542] [bmv2] [D] [thread 3066] [7.0] [cxt 0] Pipeline 'ingress': start
[07:04:36.542] [bmv2] [T] [thread 3066] [7.0] [cxt 0] scaleIoT.p4(118) Condition "hdr.ipv4.isValid()" (node_2) is false
[07:04:36.542] [bmv2] [D] [thread 3066] [7.0] [cxt 0] Pipeline 'ingress': end
[07:04:36.542] [bmv2] [D] [thread 3066] [7.0] [cxt 0] Egress port is 0
[07:04:36.542] [bmv2] [D] [thread 3067] [7.0] [cxt 0] Pipeline 'egress': start
[07:04:36.542] [bmv2] [D] [thread 3067] [7.0] [cxt 0] Pipeline 'egress': end
[07:04:36.542] [bmv2] [D] [thread 3067] [7.0] [cxt 0] Deparser 'deparser': start
[07:04:36.542] [bmv2] [T] [thread 3067] [7.0] [cxt 0] Skipping checksum 'cksum' update because condition not met
[07:04:36.542] [bmv2] [D] [thread 3067] [7.0] [cxt 0] Deparsing header 'ethernet'
[07:04:36.542] [bmv2] [D] [thread 3067] [7.0] [cxt 0] Deparser 'deparser': end
[07:04:36.542] [bmv2] [D] [thread 3071] [7.0] [cxt 0] Transmitting packet of size 70 out of port 0
[07:04:37.053] [bmv2] [D] [thread 3066] [8.0] [cxt 0] Processing packet received on port 2
[07:04:37.053] [bmv2] [D] [thread 3066] [8.0] [cxt 0] Parser 'parser': start
[07:04:37.053] [bmv2] [D] [thread 3066] [8.0] [cxt 0] Parser 'parser' entering state 'start'
[07:04:37.053] [bmv2] [D] [thread 3066] [8.0] [cxt 0] Extracting header 'ethernet'
[07:04:37.053] [bmv2] [D] [thread 3066] [8.0] [cxt 0] Parser state 'start': key is 86dd
[07:04:37.054] [bmv2] [T] [thread 3066] [8.0] [cxt 0] Bytes parsed: 14
[07:04:37.054] [bmv2] [D] [thread 3066] [8.0] [cxt 0] Parser 'parser': end
[07:04:37.054] [bmv2] [D] [thread 3066] [8.0] [cxt 0] Pipeline 'ingress': start
[07:04:37.054] [bmv2] [T] [thread 3066] [8.0] [cxt 0] scaleIoT.p4(118) Condition "hdr.ipv4.isValid()" (node_2) is false
[07:04:37.054] [bmv2] [D] [thread 3066] [8.0] [cxt 0] Pipeline 'ingress': end
[07:04:37.054] [bmv2] [D] [thread 3066] [8.0] [cxt 0] Egress port is 0
[07:04:37.054] [bmv2] [D] [thread 3067] [8.0] [cxt 0] Pipeline 'egress': start
[07:04:37.054] [bmv2] [D] [thread 3067] [8.0] [cxt 0] Pipeline 'egress': end
[07:04:37.054] [bmv2] [D] [thread 3067] [8.0] [cxt 0] Deparser 'deparser': start
[07:04:37.054] [bmv2] [T] [thread 3067] [8.0] [cxt 0] Skipping checksum 'cksum' update because condition not met
[07:04:37.054] [bmv2] [D] [thread 3067] [8.0] [cxt 0] Deparsing header 'ethernet'
[07:04:37.054] [bmv2] [D] [thread 3067] [8.0] [cxt 0] Deparser 'deparser': end
[07:04:37.054] [bmv2] [D] [thread 3071] [8.0] [cxt 0] Transmitting packet of size 70 out of port 0
[07:04:45.000] [bmv2] [D] [thread 3066] [9.0] [cxt 0] Processing packet received on port 1
[07:04:45.000] [bmv2] [D] [thread 3066] [9.0] [cxt 0] Parser 'parser': start
[07:04:45.000] [bmv2] [D] [thread 3066] [9.0] [cxt 0] Parser 'parser' entering state 'start'
[07:04:45.000] [bmv2] [D] [thread 3066] [9.0] [cxt 0] Extracting header 'ethernet'
[07:04:45.000] [bmv2] [D] [thread 3066] [9.0] [cxt 0] Parser state 'start': key is 86dd
[07:04:45.000] [bmv2] [T] [thread 3066] [9.0] [cxt 0] Bytes parsed: 14
[07:04:45.000] [bmv2] [D] [thread 3066] [9.0] [cxt 0] Parser 'parser': end
[07:04:45.000] [bmv2] [D] [thread 3066] [9.0] [cxt 0] Pipeline 'ingress': start
[07:04:45.000] [bmv2] [T] [thread 3066] [9.0] [cxt 0] scaleIoT.p4(118) Condition "hdr.ipv4.isValid()" (node_2) is false
[07:04:45.000] [bmv2] [D] [thread 3066] [9.0] [cxt 0] Pipeline 'ingress': end
[07:04:45.000] [bmv2] [D] [thread 3066] [9.0] [cxt 0] Egress port is 0
[07:04:45.000] [bmv2] [D] [thread 3067] [9.0] [cxt 0] Pipeline 'egress': start
[07:04:45.000] [bmv2] [D] [thread 3067] [9.0] [cxt 0] Pipeline 'egress': end
[07:04:45.000] [bmv2] [D] [thread 3067] [9.0] [cxt 0] Deparser 'deparser': start
[07:04:45.000] [bmv2] [T] [thread 3067] [9.0] [cxt 0] Skipping checksum 'cksum' update because condition not met
[07:04:45.000] [bmv2] [D] [thread 3067] [9.0] [cxt 0] Deparsing header 'ethernet'
[07:04:45.000] [bmv2] [D] [thread 3067] [9.0] [cxt 0] Deparser 'deparser': end
[07:04:45.000] [bmv2] [D] [thread 3071] [9.0] [cxt 0] Transmitting packet of size 70 out of port 0
[07:04:45.501] [bmv2] [D] [thread 3066] [10.0] [cxt 0] Processing packet received on port 2
[07:04:45.501] [bmv2] [D] [thread 3066] [10.0] [cxt 0] Parser 'parser': start
[07:04:45.501] [bmv2] [D] [thread 3066] [10.0] [cxt 0] Parser 'parser' entering state 'start'
[07:04:45.501] [bmv2] [D] [thread 3066] [10.0] [cxt 0] Extracting header 'ethernet'
[07:04:45.501] [bmv2] [D] [thread 3066] [10.0] [cxt 0] Parser state 'start': key is 86dd
[07:04:45.501] [bmv2] [T] [thread 3066] [10.0] [cxt 0] Bytes parsed: 14
[07:04:45.501] [bmv2] [D] [thread 3066] [10.0] [cxt 0] Parser 'parser': end
[07:04:45.501] [bmv2] [D] [thread 3066] [10.0] [cxt 0] Pipeline 'ingress': start
[07:04:45.501] [bmv2] [T] [thread 3066] [10.0] [cxt 0] scaleIoT.p4(118) Condition "hdr.ipv4.isValid()" (node_2) is false
[07:04:45.501] [bmv2] [D] [thread 3066] [10.0] [cxt 0] Pipeline 'ingress': end
[07:04:45.501] [bmv2] [D] [thread 3066] [10.0] [cxt 0] Egress port is 0
[07:04:45.501] [bmv2] [D] [thread 3067] [10.0] [cxt 0] Pipeline 'egress': start
[07:04:45.501] [bmv2] [D] [thread 3067] [10.0] [cxt 0] Pipeline 'egress': end
[07:04:45.501] [bmv2] [D] [thread 3067] [10.0] [cxt 0] Deparser 'deparser': start
[07:04:45.501] [bmv2] [T] [thread 3067] [10.0] [cxt 0] Skipping checksum 'cksum' update because condition not met
[07:04:45.501] [bmv2] [D] [thread 3067] [10.0] [cxt 0] Deparsing header 'ethernet'
[07:04:45.501] [bmv2] [D] [thread 3067] [10.0] [cxt 0] Deparser 'deparser': end
[07:04:45.501] [bmv2] [D] [thread 3071] [10.0] [cxt 0] Transmitting packet of size 70 out of port 0
[07:05:01.117] [bmv2] [D] [thread 3066] [11.0] [cxt 0] Processing packet received on port 1
[07:05:01.118] [bmv2] [D] [thread 3066] [11.0] [cxt 0] Parser 'parser': start
[07:05:01.118] [bmv2] [D] [thread 3066] [11.0] [cxt 0] Parser 'parser' entering state 'start'
[07:05:01.118] [bmv2] [D] [thread 3066] [11.0] [cxt 0] Extracting header 'ethernet'
[07:05:01.118] [bmv2] [D] [thread 3066] [11.0] [cxt 0] Parser state 'start': key is 86dd
[07:05:01.118] [bmv2] [T] [thread 3066] [11.0] [cxt 0] Bytes parsed: 14
[07:05:01.118] [bmv2] [D] [thread 3066] [11.0] [cxt 0] Parser 'parser': end
[07:05:01.118] [bmv2] [D] [thread 3066] [11.0] [cxt 0] Pipeline 'ingress': start
[07:05:01.118] [bmv2] [T] [thread 3066] [11.0] [cxt 0] scaleIoT.p4(118) Condition "hdr.ipv4.isValid()" (node_2) is false
[07:05:01.118] [bmv2] [D] [thread 3066] [11.0] [cxt 0] Pipeline 'ingress': end
[07:05:01.118] [bmv2] [D] [thread 3066] [11.0] [cxt 0] Egress port is 0
[07:05:01.118] [bmv2] [D] [thread 3067] [11.0] [cxt 0] Pipeline 'egress': start
[07:05:01.118] [bmv2] [D] [thread 3067] [11.0] [cxt 0] Pipeline 'egress': end
[07:05:01.118] [bmv2] [D] [thread 3067] [11.0] [cxt 0] Deparser 'deparser': start
[07:05:01.118] [bmv2] [T] [thread 3067] [11.0] [cxt 0] Skipping checksum 'cksum' update because condition not met
[07:05:01.118] [bmv2] [D] [thread 3067] [11.0] [cxt 0] Deparsing header 'ethernet'
[07:05:01.118] [bmv2] [D] [thread 3067] [11.0] [cxt 0] Deparser 'deparser': end
[07:05:01.118] [bmv2] [D] [thread 3071] [11.0] [cxt 0] Transmitting packet of size 70 out of port 0
[07:05:01.629] [bmv2] [D] [thread 3066] [12.0] [cxt 0] Processing packet received on port 2
[07:05:01.630] [bmv2] [D] [thread 3066] [12.0] [cxt 0] Parser 'parser': start
[07:05:01.630] [bmv2] [D] [thread 3066] [12.0] [cxt 0] Parser 'parser' entering state 'start'
[07:05:01.630] [bmv2] [D] [thread 3066] [12.0] [cxt 0] Extracting header 'ethernet'
[07:05:01.630] [bmv2] [D] [thread 3066] [12.0] [cxt 0] Parser state 'start': key is 86dd
[07:05:01.630] [bmv2] [T] [thread 3066] [12.0] [cxt 0] Bytes parsed: 14
[07:05:01.630] [bmv2] [D] [thread 3066] [12.0] [cxt 0] Parser 'parser': end
[07:05:01.630] [bmv2] [D] [thread 3066] [12.0] [cxt 0] Pipeline 'ingress': start
[07:05:01.630] [bmv2] [T] [thread 3066] [12.0] [cxt 0] scaleIoT.p4(118) Condition "hdr.ipv4.isValid()" (node_2) is false
[07:05:01.630] [bmv2] [D] [thread 3066] [12.0] [cxt 0] Pipeline 'ingress': end
[07:05:01.630] [bmv2] [D] [thread 3066] [12.0] [cxt 0] Egress port is 0
[07:05:01.630] [bmv2] [D] [thread 3067] [12.0] [cxt 0] Pipeline 'egress': start
[07:05:01.630] [bmv2] [D] [thread 3067] [12.0] [cxt 0] Pipeline 'egress': end
[07:05:01.630] [bmv2] [D] [thread 3067] [12.0] [cxt 0] Deparser 'deparser': start
[07:05:01.630] [bmv2] [T] [thread 3067] [12.0] [cxt 0] Skipping checksum 'cksum' update because condition not met
[07:05:01.630] [bmv2] [D] [thread 3067] [12.0] [cxt 0] Deparsing header 'ethernet'
[07:05:01.630] [bmv2] [D] [thread 3067] [12.0] [cxt 0] Deparser 'deparser': end
[07:05:01.630] [bmv2] [D] [thread 3071] [12.0] [cxt 0] Transmitting packet of size 70 out of port 0
[07:05:34.398] [bmv2] [D] [thread 3066] [13.0] [cxt 0] Processing packet received on port 1
[07:05:34.398] [bmv2] [D] [thread 3066] [13.0] [cxt 0] Parser 'parser': start
[07:05:34.398] [bmv2] [D] [thread 3066] [13.0] [cxt 0] Parser 'parser' entering state 'start'
[07:05:34.398] [bmv2] [D] [thread 3066] [13.0] [cxt 0] Extracting header 'ethernet'
[07:05:34.398] [bmv2] [D] [thread 3066] [13.0] [cxt 0] Parser state 'start': key is 86dd
[07:05:34.398] [bmv2] [T] [thread 3066] [13.0] [cxt 0] Bytes parsed: 14
[07:05:34.398] [bmv2] [D] [thread 3066] [13.0] [cxt 0] Parser 'parser': end
[07:05:34.398] [bmv2] [D] [thread 3066] [13.0] [cxt 0] Pipeline 'ingress': start
[07:05:34.398] [bmv2] [T] [thread 3066] [13.0] [cxt 0] scaleIoT.p4(118) Condition "hdr.ipv4.isValid()" (node_2) is false
[07:05:34.398] [bmv2] [D] [thread 3066] [13.0] [cxt 0] Pipeline 'ingress': end
[07:05:34.398] [bmv2] [D] [thread 3066] [13.0] [cxt 0] Egress port is 0
[07:05:34.398] [bmv2] [D] [thread 3067] [13.0] [cxt 0] Pipeline 'egress': start
[07:05:34.398] [bmv2] [D] [thread 3067] [13.0] [cxt 0] Pipeline 'egress': end
[07:05:34.398] [bmv2] [D] [thread 3067] [13.0] [cxt 0] Deparser 'deparser': start
[07:05:34.398] [bmv2] [T] [thread 3067] [13.0] [cxt 0] Skipping checksum 'cksum' update because condition not met
[07:05:34.398] [bmv2] [D] [thread 3067] [13.0] [cxt 0] Deparsing header 'ethernet'
[07:05:34.398] [bmv2] [D] [thread 3067] [13.0] [cxt 0] Deparser 'deparser': end
[07:05:34.398] [bmv2] [D] [thread 3071] [13.0] [cxt 0] Transmitting packet of size 70 out of port 0
[07:05:36.446] [bmv2] [D] [thread 3066] [14.0] [cxt 0] Processing packet received on port 2
[07:05:36.446] [bmv2] [D] [thread 3066] [14.0] [cxt 0] Parser 'parser': start
[07:05:36.446] [bmv2] [D] [thread 3066] [14.0] [cxt 0] Parser 'parser' entering state 'start'
[07:05:36.446] [bmv2] [D] [thread 3066] [14.0] [cxt 0] Extracting header 'ethernet'
[07:05:36.446] [bmv2] [D] [thread 3066] [14.0] [cxt 0] Parser state 'start': key is 86dd
[07:05:36.446] [bmv2] [T] [thread 3066] [14.0] [cxt 0] Bytes parsed: 14
[07:05:36.446] [bmv2] [D] [thread 3066] [14.0] [cxt 0] Parser 'parser': end
[07:05:36.446] [bmv2] [D] [thread 3066] [14.0] [cxt 0] Pipeline 'ingress': start
[07:05:36.446] [bmv2] [T] [thread 3066] [14.0] [cxt 0] scaleIoT.p4(118) Condition "hdr.ipv4.isValid()" (node_2) is false
[07:05:36.446] [bmv2] [D] [thread 3066] [14.0] [cxt 0] Pipeline 'ingress': end
[07:05:36.446] [bmv2] [D] [thread 3066] [14.0] [cxt 0] Egress port is 0
[07:05:36.446] [bmv2] [D] [thread 3067] [14.0] [cxt 0] Pipeline 'egress': start
[07:05:36.446] [bmv2] [D] [thread 3067] [14.0] [cxt 0] Pipeline 'egress': end
[07:05:36.446] [bmv2] [D] [thread 3067] [14.0] [cxt 0] Deparser 'deparser': start
[07:05:36.446] [bmv2] [T] [thread 3067] [14.0] [cxt 0] Skipping checksum 'cksum' update because condition not met
[07:05:36.446] [bmv2] [D] [thread 3067] [14.0] [cxt 0] Deparsing header 'ethernet'
[07:05:36.446] [bmv2] [D] [thread 3067] [14.0] [cxt 0] Deparser 'deparser': end
[07:05:36.446] [bmv2] [D] [thread 3071] [14.0] [cxt 0] Transmitting packet of size 70 out of port 0
[07:06:39.935] [bmv2] [D] [thread 3066] [15.0] [cxt 0] Processing packet received on port 1
[07:06:39.935] [bmv2] [D] [thread 3066] [15.0] [cxt 0] Parser 'parser': start
[07:06:39.935] [bmv2] [D] [thread 3066] [15.0] [cxt 0] Parser 'parser' entering state 'start'
[07:06:39.935] [bmv2] [D] [thread 3066] [15.0] [cxt 0] Extracting header 'ethernet'
[07:06:39.935] [bmv2] [D] [thread 3066] [15.0] [cxt 0] Parser state 'start': key is 86dd
[07:06:39.935] [bmv2] [T] [thread 3066] [15.0] [cxt 0] Bytes parsed: 14
[07:06:39.935] [bmv2] [D] [thread 3066] [15.0] [cxt 0] Parser 'parser': end
[07:06:39.935] [bmv2] [D] [thread 3066] [15.0] [cxt 0] Pipeline 'ingress': start
[07:06:39.935] [bmv2] [T] [thread 3066] [15.0] [cxt 0] scaleIoT.p4(118) Condition "hdr.ipv4.isValid()" (node_2) is false
[07:06:39.935] [bmv2] [D] [thread 3066] [15.0] [cxt 0] Pipeline 'ingress': end
[07:06:39.935] [bmv2] [D] [thread 3066] [15.0] [cxt 0] Egress port is 0
[07:06:39.935] [bmv2] [D] [thread 3067] [15.0] [cxt 0] Pipeline 'egress': start
[07:06:39.935] [bmv2] [D] [thread 3067] [15.0] [cxt 0] Pipeline 'egress': end
[07:06:39.935] [bmv2] [D] [thread 3067] [15.0] [cxt 0] Deparser 'deparser': start
[07:06:39.935] [bmv2] [T] [thread 3067] [15.0] [cxt 0] Skipping checksum 'cksum' update because condition not met
[07:06:39.935] [bmv2] [D] [thread 3067] [15.0] [cxt 0] Deparsing header 'ethernet'
[07:06:39.935] [bmv2] [D] [thread 3067] [15.0] [cxt 0] Deparser 'deparser': end
[07:06:39.935] [bmv2] [D] [thread 3071] [15.0] [cxt 0] Transmitting packet of size 70 out of port 0
[07:06:46.078] [bmv2] [D] [thread 3066] [16.0] [cxt 0] Processing packet received on port 2
[07:06:46.078] [bmv2] [D] [thread 3066] [16.0] [cxt 0] Parser 'parser': start
[07:06:46.078] [bmv2] [D] [thread 3066] [16.0] [cxt 0] Parser 'parser' entering state 'start'
[07:06:46.078] [bmv2] [D] [thread 3066] [16.0] [cxt 0] Extracting header 'ethernet'
[07:06:46.078] [bmv2] [D] [thread 3066] [16.0] [cxt 0] Parser state 'start': key is 86dd
[07:06:46.078] [bmv2] [T] [thread 3066] [16.0] [cxt 0] Bytes parsed: 14
[07:06:46.078] [bmv2] [D] [thread 3066] [16.0] [cxt 0] Parser 'parser': end
[07:06:46.078] [bmv2] [D] [thread 3066] [16.0] [cxt 0] Pipeline 'ingress': start
[07:06:46.078] [bmv2] [T] [thread 3066] [16.0] [cxt 0] scaleIoT.p4(118) Condition "hdr.ipv4.isValid()" (node_2) is false
[07:06:46.078] [bmv2] [D] [thread 3066] [16.0] [cxt 0] Pipeline 'ingress': end
[07:06:46.078] [bmv2] [D] [thread 3066] [16.0] [cxt 0] Egress port is 0
[07:06:46.078] [bmv2] [D] [thread 3067] [16.0] [cxt 0] Pipeline 'egress': start
[07:06:46.078] [bmv2] [D] [thread 3067] [16.0] [cxt 0] Pipeline 'egress': end
[07:06:46.078] [bmv2] [D] [thread 3067] [16.0] [cxt 0] Deparser 'deparser': start
[07:06:46.078] [bmv2] [T] [thread 3067] [16.0] [cxt 0] Skipping checksum 'cksum' update because condition not met
[07:06:46.078] [bmv2] [D] [thread 3067] [16.0] [cxt 0] Deparsing header 'ethernet'
[07:06:46.078] [bmv2] [D] [thread 3067] [16.0] [cxt 0] Deparser 'deparser': end
[07:06:46.078] [bmv2] [D] [thread 3071] [16.0] [cxt 0] Transmitting packet of size 70 out of port 0
[07:08:57.149] [bmv2] [D] [thread 3066] [17.0] [cxt 0] Processing packet received on port 1
[07:08:57.149] [bmv2] [D] [thread 3066] [17.0] [cxt 0] Parser 'parser': start
[07:08:57.149] [bmv2] [D] [thread 3066] [17.0] [cxt 0] Parser 'parser' entering state 'start'
[07:08:57.149] [bmv2] [D] [thread 3066] [17.0] [cxt 0] Extracting header 'ethernet'
[07:08:57.149] [bmv2] [D] [thread 3066] [17.0] [cxt 0] Parser state 'start': key is 86dd
[07:08:57.149] [bmv2] [T] [thread 3066] [17.0] [cxt 0] Bytes parsed: 14
[07:08:57.149] [bmv2] [D] [thread 3066] [17.0] [cxt 0] Parser 'parser': end
[07:08:57.149] [bmv2] [D] [thread 3066] [17.0] [cxt 0] Pipeline 'ingress': start
[07:08:57.149] [bmv2] [T] [thread 3066] [17.0] [cxt 0] scaleIoT.p4(118) Condition "hdr.ipv4.isValid()" (node_2) is false
[07:08:57.149] [bmv2] [D] [thread 3066] [17.0] [cxt 0] Pipeline 'ingress': end
[07:08:57.149] [bmv2] [D] [thread 3066] [17.0] [cxt 0] Egress port is 0
[07:08:57.150] [bmv2] [D] [thread 3067] [17.0] [cxt 0] Pipeline 'egress': start
[07:08:57.150] [bmv2] [D] [thread 3067] [17.0] [cxt 0] Pipeline 'egress': end
[07:08:57.150] [bmv2] [D] [thread 3067] [17.0] [cxt 0] Deparser 'deparser': start
[07:08:57.150] [bmv2] [T] [thread 3067] [17.0] [cxt 0] Skipping checksum 'cksum' update because condition not met
[07:08:57.150] [bmv2] [D] [thread 3067] [17.0] [cxt 0] Deparsing header 'ethernet'
[07:08:57.150] [bmv2] [D] [thread 3067] [17.0] [cxt 0] Deparser 'deparser': end
[07:08:57.150] [bmv2] [D] [thread 3071] [17.0] [cxt 0] Transmitting packet of size 70 out of port 0
[07:09:13.534] [bmv2] [D] [thread 3066] [18.0] [cxt 0] Processing packet received on port 2
[07:09:13.534] [bmv2] [D] [thread 3066] [18.0] [cxt 0] Parser 'parser': start
[07:09:13.534] [bmv2] [D] [thread 3066] [18.0] [cxt 0] Parser 'parser' entering state 'start'
[07:09:13.534] [bmv2] [D] [thread 3066] [18.0] [cxt 0] Extracting header 'ethernet'
[07:09:13.534] [bmv2] [D] [thread 3066] [18.0] [cxt 0] Parser state 'start': key is 86dd
[07:09:13.534] [bmv2] [T] [thread 3066] [18.0] [cxt 0] Bytes parsed: 14
[07:09:13.534] [bmv2] [D] [thread 3066] [18.0] [cxt 0] Parser 'parser': end
[07:09:13.534] [bmv2] [D] [thread 3066] [18.0] [cxt 0] Pipeline 'ingress': start
[07:09:13.534] [bmv2] [T] [thread 3066] [18.0] [cxt 0] scaleIoT.p4(118) Condition "hdr.ipv4.isValid()" (node_2) is false
[07:09:13.534] [bmv2] [D] [thread 3066] [18.0] [cxt 0] Pipeline 'ingress': end
[07:09:13.534] [bmv2] [D] [thread 3066] [18.0] [cxt 0] Egress port is 0
[07:09:13.534] [bmv2] [D] [thread 3067] [18.0] [cxt 0] Pipeline 'egress': start
[07:09:13.534] [bmv2] [D] [thread 3067] [18.0] [cxt 0] Pipeline 'egress': end
[07:09:13.534] [bmv2] [D] [thread 3067] [18.0] [cxt 0] Deparser 'deparser': start
[07:09:13.534] [bmv2] [T] [thread 3067] [18.0] [cxt 0] Skipping checksum 'cksum' update because condition not met
[07:09:13.534] [bmv2] [D] [thread 3067] [18.0] [cxt 0] Deparsing header 'ethernet'
[07:09:13.534] [bmv2] [D] [thread 3067] [18.0] [cxt 0] Deparser 'deparser': end
[07:09:13.534] [bmv2] [D] [thread 3071] [18.0] [cxt 0] Transmitting packet of size 70 out of port 0
[07:13:35.700] [bmv2] [D] [thread 3066] [19.0] [cxt 0] Processing packet received on port 1
[07:13:35.707] [bmv2] [D] [thread 3066] [19.0] [cxt 0] Parser 'parser': start
[07:13:35.707] [bmv2] [D] [thread 3066] [19.0] [cxt 0] Parser 'parser' entering state 'start'
[07:13:35.708] [bmv2] [D] [thread 3066] [19.0] [cxt 0] Extracting header 'ethernet'
[07:13:35.708] [bmv2] [D] [thread 3066] [19.0] [cxt 0] Parser state 'start': key is 86dd
[07:13:35.708] [bmv2] [T] [thread 3066] [19.0] [cxt 0] Bytes parsed: 14
[07:13:35.708] [bmv2] [D] [thread 3066] [19.0] [cxt 0] Parser 'parser': end
[07:13:35.709] [bmv2] [D] [thread 3066] [19.0] [cxt 0] Pipeline 'ingress': start
[07:13:35.709] [bmv2] [T] [thread 3066] [19.0] [cxt 0] scaleIoT.p4(118) Condition "hdr.ipv4.isValid()" (node_2) is false
[07:13:35.709] [bmv2] [D] [thread 3066] [19.0] [cxt 0] Pipeline 'ingress': end
[07:13:35.709] [bmv2] [D] [thread 3066] [19.0] [cxt 0] Egress port is 0
[07:13:35.709] [bmv2] [D] [thread 3067] [19.0] [cxt 0] Pipeline 'egress': start
[07:13:35.709] [bmv2] [D] [thread 3067] [19.0] [cxt 0] Pipeline 'egress': end
[07:13:35.709] [bmv2] [D] [thread 3067] [19.0] [cxt 0] Deparser 'deparser': start
[07:13:35.709] [bmv2] [T] [thread 3067] [19.0] [cxt 0] Skipping checksum 'cksum' update because condition not met
[07:13:35.710] [bmv2] [D] [thread 3067] [19.0] [cxt 0] Deparsing header 'ethernet'
[07:13:35.710] [bmv2] [D] [thread 3067] [19.0] [cxt 0] Deparser 'deparser': end
[07:13:35.710] [bmv2] [D] [thread 3071] [19.0] [cxt 0] Transmitting packet of size 70 out of port 0
[07:13:52.061] [bmv2] [D] [thread 3066] [20.0] [cxt 0] Processing packet received on port 2
[07:13:52.061] [bmv2] [D] [thread 3066] [20.0] [cxt 0] Parser 'parser': start
[07:13:52.061] [bmv2] [D] [thread 3066] [20.0] [cxt 0] Parser 'parser' entering state 'start'
[07:13:52.061] [bmv2] [D] [thread 3066] [20.0] [cxt 0] Extracting header 'ethernet'
[07:13:52.061] [bmv2] [D] [thread 3066] [20.0] [cxt 0] Parser state 'start': key is 86dd
[07:13:52.062] [bmv2] [T] [thread 3066] [20.0] [cxt 0] Bytes parsed: 14
[07:13:52.062] [bmv2] [D] [thread 3066] [20.0] [cxt 0] Parser 'parser': end
[07:13:52.062] [bmv2] [D] [thread 3066] [20.0] [cxt 0] Pipeline 'ingress': start
[07:13:52.062] [bmv2] [T] [thread 3066] [20.0] [cxt 0] scaleIoT.p4(118) Condition "hdr.ipv4.isValid()" (node_2) is false
[07:13:52.062] [bmv2] [D] [thread 3066] [20.0] [cxt 0] Pipeline 'ingress': end
[07:13:52.062] [bmv2] [D] [thread 3066] [20.0] [cxt 0] Egress port is 0
[07:13:52.062] [bmv2] [D] [thread 3067] [20.0] [cxt 0] Pipeline 'egress': start
[07:13:52.062] [bmv2] [D] [thread 3067] [20.0] [cxt 0] Pipeline 'egress': end
[07:13:52.062] [bmv2] [D] [thread 3067] [20.0] [cxt 0] Deparser 'deparser': start
[07:13:52.062] [bmv2] [T] [thread 3067] [20.0] [cxt 0] Skipping checksum 'cksum' update because condition not met
[07:13:52.062] [bmv2] [D] [thread 3067] [20.0] [cxt 0] Deparsing header 'ethernet'
[07:13:52.062] [bmv2] [D] [thread 3067] [20.0] [cxt 0] Deparser 'deparser': end
[07:13:52.062] [bmv2] [D] [thread 3071] [20.0] [cxt 0] Transmitting packet of size 70 out of port 0
[07:23:09.118] [bmv2] [D] [thread 3066] [21.0] [cxt 0] Processing packet received on port 1
[07:23:09.118] [bmv2] [D] [thread 3066] [21.0] [cxt 0] Parser 'parser': start
[07:23:09.118] [bmv2] [D] [thread 3066] [21.0] [cxt 0] Parser 'parser' entering state 'start'
[07:23:09.118] [bmv2] [D] [thread 3066] [21.0] [cxt 0] Extracting header 'ethernet'
[07:23:09.118] [bmv2] [D] [thread 3066] [21.0] [cxt 0] Parser state 'start': key is 86dd
[07:23:09.118] [bmv2] [T] [thread 3066] [21.0] [cxt 0] Bytes parsed: 14
[07:23:09.118] [bmv2] [D] [thread 3066] [21.0] [cxt 0] Parser 'parser': end
[07:23:09.118] [bmv2] [D] [thread 3066] [21.0] [cxt 0] Pipeline 'ingress': start
[07:23:09.118] [bmv2] [T] [thread 3066] [21.0] [cxt 0] scaleIoT.p4(118) Condition "hdr.ipv4.isValid()" (node_2) is false
[07:23:09.118] [bmv2] [D] [thread 3066] [21.0] [cxt 0] Pipeline 'ingress': end
[07:23:09.118] [bmv2] [D] [thread 3066] [21.0] [cxt 0] Egress port is 0
[07:23:09.118] [bmv2] [D] [thread 3066] [22.0] [cxt 0] Processing packet received on port 2
[07:23:09.118] [bmv2] [D] [thread 3066] [22.0] [cxt 0] Parser 'parser': start
[07:23:09.118] [bmv2] [D] [thread 3066] [22.0] [cxt 0] Parser 'parser' entering state 'start'
[07:23:09.118] [bmv2] [D] [thread 3066] [22.0] [cxt 0] Extracting header 'ethernet'
[07:23:09.118] [bmv2] [D] [thread 3066] [22.0] [cxt 0] Parser state 'start': key is 86dd
[07:23:09.118] [bmv2] [T] [thread 3066] [22.0] [cxt 0] Bytes parsed: 14
[07:23:09.118] [bmv2] [D] [thread 3066] [22.0] [cxt 0] Parser 'parser': end
[07:23:09.118] [bmv2] [D] [thread 3066] [22.0] [cxt 0] Pipeline 'ingress': start
[07:23:09.118] [bmv2] [T] [thread 3066] [22.0] [cxt 0] scaleIoT.p4(118) Condition "hdr.ipv4.isValid()" (node_2) is false
[07:23:09.118] [bmv2] [D] [thread 3066] [22.0] [cxt 0] Pipeline 'ingress': end
[07:23:09.118] [bmv2] [D] [thread 3066] [22.0] [cxt 0] Egress port is 0
[07:23:09.118] [bmv2] [D] [thread 3067] [21.0] [cxt 0] Pipeline 'egress': start
[07:23:09.118] [bmv2] [D] [thread 3067] [21.0] [cxt 0] Pipeline 'egress': end
[07:23:09.118] [bmv2] [D] [thread 3067] [21.0] [cxt 0] Deparser 'deparser': start
[07:23:09.118] [bmv2] [T] [thread 3067] [21.0] [cxt 0] Skipping checksum 'cksum' update because condition not met
[07:23:09.118] [bmv2] [D] [thread 3067] [21.0] [cxt 0] Deparsing header 'ethernet'
[07:23:09.118] [bmv2] [D] [thread 3067] [21.0] [cxt 0] Deparser 'deparser': end
[07:23:09.118] [bmv2] [D] [thread 3067] [22.0] [cxt 0] Pipeline 'egress': start
[07:23:09.118] [bmv2] [D] [thread 3067] [22.0] [cxt 0] Pipeline 'egress': end
[07:23:09.118] [bmv2] [D] [thread 3067] [22.0] [cxt 0] Deparser 'deparser': start
[07:23:09.118] [bmv2] [T] [thread 3067] [22.0] [cxt 0] Skipping checksum 'cksum' update because condition not met
[07:23:09.118] [bmv2] [D] [thread 3067] [22.0] [cxt 0] Deparsing header 'ethernet'
[07:23:09.118] [bmv2] [D] [thread 3067] [22.0] [cxt 0] Deparser 'deparser': end
[07:23:09.118] [bmv2] [D] [thread 3071] [21.0] [cxt 0] Transmitting packet of size 70 out of port 0
[07:23:09.118] [bmv2] [D] [thread 3071] [22.0] [cxt 0] Transmitting packet of size 70 out of port 0
[07:41:26.848] [bmv2] [D] [thread 3066] [23.0] [cxt 0] Processing packet received on port 2
[07:41:26.848] [bmv2] [D] [thread 3066] [23.0] [cxt 0] Parser 'parser': start
[07:41:26.848] [bmv2] [D] [thread 3066] [23.0] [cxt 0] Parser 'parser' entering state 'start'
[07:41:26.848] [bmv2] [D] [thread 3066] [23.0] [cxt 0] Extracting header 'ethernet'
[07:41:26.848] [bmv2] [D] [thread 3066] [23.0] [cxt 0] Parser state 'start': key is 86dd
[07:41:26.848] [bmv2] [T] [thread 3066] [23.0] [cxt 0] Bytes parsed: 14
[07:41:26.848] [bmv2] [D] [thread 3066] [23.0] [cxt 0] Parser 'parser': end
[07:41:26.849] [bmv2] [D] [thread 3066] [23.0] [cxt 0] Pipeline 'ingress': start
[07:41:26.849] [bmv2] [T] [thread 3066] [23.0] [cxt 0] scaleIoT.p4(118) Condition "hdr.ipv4.isValid()" (node_2) is false
[07:41:26.849] [bmv2] [D] [thread 3066] [23.0] [cxt 0] Pipeline 'ingress': end
[07:41:26.849] [bmv2] [D] [thread 3066] [23.0] [cxt 0] Egress port is 0
[07:41:26.849] [bmv2] [D] [thread 3067] [23.0] [cxt 0] Pipeline 'egress': start
[07:41:26.849] [bmv2] [D] [thread 3067] [23.0] [cxt 0] Pipeline 'egress': end
[07:41:26.849] [bmv2] [D] [thread 3067] [23.0] [cxt 0] Deparser 'deparser': start
[07:41:26.849] [bmv2] [T] [thread 3067] [23.0] [cxt 0] Skipping checksum 'cksum' update because condition not met
[07:41:26.849] [bmv2] [D] [thread 3067] [23.0] [cxt 0] Deparsing header 'ethernet'
[07:41:26.849] [bmv2] [D] [thread 3067] [23.0] [cxt 0] Deparser 'deparser': end
[07:41:26.849] [bmv2] [D] [thread 3071] [23.0] [cxt 0] Transmitting packet of size 70 out of port 0
[07:43:38.027] [bmv2] [D] [thread 3066] [24.0] [cxt 0] Processing packet received on port 1
[07:43:38.027] [bmv2] [D] [thread 3066] [24.0] [cxt 0] Parser 'parser': start
[07:43:38.027] [bmv2] [D] [thread 3066] [24.0] [cxt 0] Parser 'parser' entering state 'start'
[07:43:38.027] [bmv2] [D] [thread 3066] [24.0] [cxt 0] Extracting header 'ethernet'
[07:43:38.027] [bmv2] [D] [thread 3066] [24.0] [cxt 0] Parser state 'start': key is 86dd
[07:43:38.027] [bmv2] [T] [thread 3066] [24.0] [cxt 0] Bytes parsed: 14
[07:43:38.027] [bmv2] [D] [thread 3066] [24.0] [cxt 0] Parser 'parser': end
[07:43:38.027] [bmv2] [D] [thread 3066] [24.0] [cxt 0] Pipeline 'ingress': start
[07:43:38.027] [bmv2] [T] [thread 3066] [24.0] [cxt 0] scaleIoT.p4(118) Condition "hdr.ipv4.isValid()" (node_2) is false
[07:43:38.027] [bmv2] [D] [thread 3066] [24.0] [cxt 0] Pipeline 'ingress': end
[07:43:38.027] [bmv2] [D] [thread 3066] [24.0] [cxt 0] Egress port is 0
[07:43:38.027] [bmv2] [D] [thread 3067] [24.0] [cxt 0] Pipeline 'egress': start
[07:43:38.027] [bmv2] [D] [thread 3067] [24.0] [cxt 0] Pipeline 'egress': end
[07:43:38.027] [bmv2] [D] [thread 3067] [24.0] [cxt 0] Deparser 'deparser': start
[07:43:38.027] [bmv2] [T] [thread 3067] [24.0] [cxt 0] Skipping checksum 'cksum' update because condition not met
[07:43:38.027] [bmv2] [D] [thread 3067] [24.0] [cxt 0] Deparsing header 'ethernet'
[07:43:38.027] [bmv2] [D] [thread 3067] [24.0] [cxt 0] Deparser 'deparser': end
[07:43:38.027] [bmv2] [D] [thread 3071] [24.0] [cxt 0] Transmitting packet of size 70 out of port 0
